<testsuite id="01bb0a0a-0cc6-a3d7-33e5-17793a45ee1b"  name="Chrome 40.0.2214.111 Linux"   errors="0"  failures="1"      tests="2"   ><testcase name="getNew-TodoElement"    time="Tue, 10 Feb 2015 12:54:21 GMT"></testcase><testcase name="scrap_94e74ea0-1a51-3e3b-0a8a-201cbc03acf2"    time="Tue, 10 Feb 2015 12:54:38 GMT"><failure message="[CAT] Test failed, exception: ReferenceError: $ is not defined" type="failure" ></failure></testcase><testcase name="scrap_4e733592-aaa8-f44b-d32f-bbcb47d3fddd"    time="Tue, 10 Feb 2015 12:54:38 GMT"><failure message="[CAT] Test failed, exception: ReferenceError: $ is not defined" type="failure" ></failure></testcase></testsuite>