<testsuite id="f0c35c33-5774-68a9-9f6b-31b9528c28e9"  name="Chrome 39.0.2171.99 OS X"   errors="0"  failures="0"      tests="3"   ><testcase name="setTextForm"    time="Sun, 25 Jan 2015 09:30:59 GMT"></testcase><testcase name="setDate"    time="Sun, 25 Jan 2015 09:31:01 GMT"></testcase><testcase name="hRadio"    time="Sun, 25 Jan 2015 09:31:02 GMT"></testcase><testcase name="hRadio2"    time="Sun, 25 Jan 2015 09:31:03 GMT"></testcase></testsuite>