<testsuite id="992d2525-3e0a-6e84-a5c9-50c5c042be94"  name="Chrome 40.0.2214.111 Linux"   errors="0"  failures="0"      tests="1"   ><testcase name="inputTest"    time="Tue, 24 Feb 2015 09:20:16 GMT"></testcase><testcase name="deleteTest"    time="Tue, 24 Feb 2015 09:20:16 GMT"></testcase></testsuite>