<testsuite id="07161842-7a4f-2e9e-5d8a-fa1f0d0d6e66"  name="Chrome 40.0.2214.111 Linux"   errors="0"  failures="0"      tests="1"   ><testcase name="scrap_49420ebb-0961-7f09-4058-b2f0dd07228b"    time="Tue, 24 Feb 2015 09:19:56 GMT"></testcase><testcase name="scrap_bd9b7037-f66a-119b-a611-87c204d590a6"    time="Tue, 24 Feb 2015 09:19:56 GMT"></testcase></testsuite>