<testsuite id="373291e4-1727-c4e5-3ec4-c66361ce9118"  name="Chrome 40.0.2214.111 Linux"   errors="0"  failures="1"      tests="1"   ><testcase name="generalJSError"    time="Thu, 12 Mar 2015 13:31:08 GMT"><failure message="Uncaught TypeError: Cannot read property 'left' of undefined  ;file:  http://localhost:8080/cat/lib/cat/cat.js  ;line:  4865  ;column: 41  ;error: TypeError: Cannot read property 'left' of undefined" type="failure" ></failure></testcase></testsuite>