<testsuite id="77e4174c-eba4-1ee0-c514-2f1675aca4dc"  name="Chrome 40.0.2214.111 Linux"   errors="0"  failures="0"      tests="1"   ><testcase name="inputTest"    time="Wed, 25 Feb 2015 17:15:59 GMT"></testcase><testcase name="deleteTest"    time="Wed, 25 Feb 2015 17:16:00 GMT"></testcase></testsuite>