<testsuite id="36ef34b9-586a-f4dd-2b63-29c9a04212a8"  name="Chrome 38.0.2125.122 Linux"   errors="0"  failures="0"      tests="1"   ><testcase name="scrap_7b8c9f75-3969-0094-fade-3faf08467a99"    time="Thu, 22 Jan 2015 16:42:50 GMT"></testcase><testcase name="scrap_f2d55433-b6d2-213b-3f5b-837557168116"    time="Thu, 22 Jan 2015 16:42:50 GMT"></testcase></testsuite>