<testsuite id="34f0a752-32d4-3cfb-c647-e2e741cf97b3"  name="Chrome 38.0.2125.122 Linux"   errors="0"  failures="1"      tests="1"   ><testcase name="generalJSError"    time="Mon, 09 Feb 2015 12:16:47 GMT"><failure message="Uncaught Error: [$injector:modulerr] Failed to instantiate module todomvc due to:Error: [$injector:modulerr] Failed to instantiate module s due to:Error: [$injector:nomod] Module 's' is not available! You either misspelled the module name or forgot to load it. If registering a module ensure that you specify the dependencies as the second argument.http://errors.angularjs.org/1.2.22/$injector/nomod?p0=s    at VALIDITY_STATE_PROPERTY (http://localhost:8080/bower_components/angular/angular.js:78:12)    at http://localhost:8080/bower_components/angular/angular.js:1668:17    at ensure (http://localhost:8080/bower_components/angular/angular.js:1592:38)    at module (http://localhost:8080/bower_components/angular/angular.js:1666:14)    at http://localhost:8080/bower_components/angular/angular.js:3868:22    at forEach (http://localhost:8080/bower_components/angular/angular.js:325:18)    at loadModules (http://localhost:8080/bower_components/angular/angular.js:3862:5)    at http://localhost:8080/bower_components/angular/angular.js:3869:40    at forEach (http://localhost:8080/bower_components/angular/angular.js:325:18)    at loadModules (http://localhost:8080/bower_components/angular/angular.js:3862:5)http://errors.angularjs.org/1.2.22/$injector/modulerr?p0=s" type="failure" ></failure></testcase></testsuite>