<testsuite id="22ac0e29-5528-8b15-9873-19ad80478f92"  name="Chrome 40.0.2214.111 Linux"   errors="0"  failures="0"      tests="1"   ><testcase name="inputTest"    time="Mon, 23 Feb 2015 15:53:44 GMT"></testcase><testcase name="deleteTest"    time="Mon, 23 Feb 2015 15:53:45 GMT"></testcase></testsuite>