<testsuite id="c9a76484-8032-dd23-ba4e-9e5ad9ed9d66"  name="Chrome 40.0.2214.111 Linux"   errors="0"  failures="0"      tests="1"   ><testcase name="inputTestScrap"    time="Mon, 02 Mar 2015 09:32:18 GMT"></testcase><testcase name="deleteTestScrap"    time="Mon, 02 Mar 2015 09:32:19 GMT"></testcase></testsuite>