<testsuite id="e47d4209-c41e-b3c7-8615-d315f3578fd1"  name="Chrome 39.0.2171.95 OS X"   errors="0"  failures="1"      tests="1"   ><testcase name="generalJSError"    time="Tue, 13 Jan 2015 13:46:24 GMT"><failure message="Uncaught ReferenceError: $ is not defined  ;file:  http://localhost:8089/cat/lib/cat.js  ;line:  3406  ;column: 17  ;error: ReferenceError: $ is not defined" type="failure" ></failure></testcase></testsuite>