<testsuite id="24e737ce-58ab-ead4-f77c-7fe203322eab"  name="Chrome 40.0.2214.111 Linux"   errors="0"  failures="1"      tests="1"   ><testcase name="generalJSError"    time="Wed, 11 Mar 2015 13:32:23 GMT"><failure message="Uncaught TypeError: Cannot read property 'style' of undefined  ;file:  http://localhost:8080/common/app.js  ;line:  64  ;column: 20  ;error: TypeError: Cannot read property 'style' of undefined" type="failure" ></failure></testcase></testsuite>