<testsuite id="28a2ca95-d533-c5a5-458d-a6f614d6a5e3"  name="Chrome 40.0.2214.111 Linux"   errors="0"  failures="0"      tests="1"   ><testcase name="inputTest"    time="Tue, 24 Feb 2015 07:39:55 GMT"></testcase><testcase name="deleteTest"    time="Tue, 24 Feb 2015 07:39:55 GMT"></testcase></testsuite>