<testsuite id="abcedf06-81c9-255f-4bb6-2c5d2f035e53"  name="Firefox 35.0 Linux"   errors="0"  failures="0"      tests="1"   ><testcase name="scrap_49420ebb-0961-7f09-4058-b2f0dd07228b"    time="Tue, 24 Feb 2015 09:19:57 GMT"></testcase><testcase name="scrap_bd9b7037-f66a-119b-a611-87c204d590a6"    time="Tue, 24 Feb 2015 09:19:58 GMT"></testcase></testsuite>