<testsuite id="68c5b9fb-d2ac-96f8-b1f9-1e462b052e02"  name="Firefox 35.0 Linux"   errors="0"  failures="0"      tests="1"   ><testcase name="iframe2"    time="Mon, 23 Feb 2015 07:51:13 GMT"></testcase><testcase name="iframe5"    time="Mon, 23 Feb 2015 07:51:13 GMT"></testcase></testsuite>