<testsuite id="d800e7df-f0b8-7e5e-36bc-047808bb2d1a"  name="Chrome 38.0.2125.122 Linux"   errors="0"  failures="0"      tests="1"   ><testcase name="NOTEST"    time="Wed, 21 Jan 2015 16:14:07 GMT"></testcase></testsuite>