<testsuite id="21e81166-6728-47f9-1f5f-889f36f33400"  name="Chrome 40.0.2214.111 Linux"   errors="0"  failures="0"      tests="1"   ><testcase name="iframe2"    time="Wed, 25 Feb 2015 17:16:14 GMT"></testcase><testcase name="iframe5"    time="Wed, 25 Feb 2015 17:16:15 GMT"></testcase></testsuite>