<testsuite id="1779765d-ba00-2941-4185-ac67ae3bc7eb"  name="Firefox 35.0 Linux"   errors="0"  failures="0"      tests="1"   ><testcase name="inputTest"    time="Tue, 24 Feb 2015 13:58:16 GMT"></testcase><testcase name="deleteTest"    time="Tue, 24 Feb 2015 13:58:16 GMT"></testcase></testsuite>