<testsuite id="ca426097-fff9-6dde-e617-519b66533b62"  name="Firefox 35.0 Linux"   errors="0"  failures="0"      tests="1"   ><testcase name="inputTest"    time="Tue, 24 Feb 2015 09:20:54 GMT"></testcase><testcase name="deleteTest"    time="Tue, 24 Feb 2015 09:20:54 GMT"></testcase></testsuite>