<testsuite id="24e737ce-58ab-ead4-f77c-7fe203322eab"  name="Chrome 40.0.2214.111 Linux"   errors="0"  failures="0"      tests="1"   ><testcase name="NOTEST"    time="Tue, 10 Mar 2015 15:12:28 GMT"></testcase></testsuite>