<testsuite id="25ddbb57-2785-10a1-ff06-4fe8e603126a"  name="Chrome 39.0.2171.95 OS X"   errors="0"  failures="0"      tests="1"   ><testcase name="setCheckC"    time="Thu, 15 Jan 2015 14:06:07 GMT"></testcase><testcase name="setCheckB"    time="Thu, 15 Jan 2015 14:06:08 GMT"></testcase></testsuite>