<testsuite id="a554407e-57a0-787e-523f-b238fab008a7"  name="Chrome 40.0.2214.111 Linux"   errors="0"  failures="0"      tests="1"   ><testcase name="inputTest"    time="Wed, 25 Feb 2015 17:17:20 GMT"></testcase><testcase name="deleteTest"    time="Wed, 25 Feb 2015 17:17:20 GMT"></testcase></testsuite>