<testsuite id="73b0e5d6-9057-120c-52cb-b0f38828e07e"  name="Chrome 38.0.2125.122 Linux"   errors="0"  failures="1"      tests="1"   ><testcase name="generalJSError"    time="Tue, 10 Feb 2015 09:14:20 GMT"><failure message="Uncaught Error: [$injector:nomod] Module 'sss' is not available! You either misspelled the module name or forgot to load it. If registering a module ensure that you specify the dependencies as the second argument.http://errors.angularjs.org/1.2.22/$injector/nomod?p0=sss  ;file:  http://localhost:8080/bower_components/angular/angular.js  ;line:  1668  ;column: 17  ;error: Error: [$injector:nomod] Module 'sss' is not available! You either misspelled the module name or forgot to load it. If registering a module ensure that you specify the dependencies as the second argument.http://errors.angularjs.org/1.2.22/$injector/nomod?p0=sss" type="failure" ></failure></testcase></testsuite>