<testsuite id="dda01048-ebe9-1898-6237-446662d9e20f"  name="Chrome 40.0.2214.111 Linux"   errors="0"  failures="0"      tests="1"   ><testcase name="inputTest"    time="Mon, 23 Feb 2015 15:41:24 GMT"></testcase><testcase name="deleteTest"    time="Mon, 23 Feb 2015 15:41:24 GMT"></testcase></testsuite>