<testsuite id="35c52de3-d855-3f25-7b6a-14eb60eec005"  name="Chrome 40.0.2214.111 Linux"   errors="0"  failures="0"      tests="1"   ><testcase name="inputTest"    time="Wed, 25 Feb 2015 17:15:03 GMT"></testcase><testcase name="deleteTest"    time="Wed, 25 Feb 2015 17:15:04 GMT"></testcase></testsuite>