<testsuite id="13be773e-3612-488a-f62c-e2dce641f457"  name="Chrome 40.0.2214.111 Linux"   errors="0"  failures="0"      tests="1"   ><testcase name="scrap_6b587c73-49e8-acda-0c4c-81ef31db3674"    time="Wed, 25 Feb 2015 17:16:58 GMT"></testcase><testcase name="scrap_70cc26a8-f20b-6d5b-809d-3288a82afddb"    time="Wed, 25 Feb 2015 17:16:58 GMT"></testcase></testsuite>