<testsuite id="373291e4-1727-c4e5-3ec4-c66361ce9118"  name="generalJSError Chrome 40.0.2214.111 Linux"   errors="0"  failures="1"      tests="1"   ><testcase name="generalJSError"    time="Wed, 11 Mar 2015 15:22:34 GMT"><failure message="Uncaught TypeError: undefined is not a function  ;file:  http://localhost:8080/cat/lib/cat/cat.js  ;line:  4844  ;column: 25  ;error: TypeError: undefined is not a function" type="failure" ></failure></testcase></testsuite>