<testsuite id="0b9e5f7a-659e-f828-ad24-81bd9cd89881"  name="Chrome 40.0.2214.111 Linux"   errors="0"  failures="0"      tests="1"   ><testcase name="inputTest"    time="Tue, 24 Feb 2015 13:58:14 GMT"></testcase><testcase name="deleteTest"    time="Tue, 24 Feb 2015 13:58:15 GMT"></testcase></testsuite>