<testsuite id="e3709856-3786-a97d-10fc-62e93aca9a02"  name="Chrome 40.0.2214.111 Linux"   errors="0"  failures="0"      tests="1"   ><testcase name="inputTest"    time="Tue, 24 Feb 2015 09:20:53 GMT"></testcase><testcase name="deleteTest"    time="Tue, 24 Feb 2015 09:20:53 GMT"></testcase></testsuite>