<testsuite id="0a082de9-0715-8ec2-e77b-fa68f9f21883"  name="Chrome 39.0.2171.99 OS X"   errors="0"  failures="0"      tests="1"   ><testcase name="setCheckC"    time="Tue, 20 Jan 2015 09:38:41 GMT"></testcase><testcase name="setCheckB"    time="Tue, 20 Jan 2015 09:38:42 GMT"></testcase></testsuite>