<testsuite id="0a082de9-0715-8ec2-e77b-fa68f9f21883"  name="Chrome 39.0.2171.99 OS X"   errors="0"  failures="0"      tests="3"   ><testcase name="verGroupRadio"    time="Tue, 20 Jan 2015 17:11:12 GMT"></testcase><testcase name="verGroupRadio2"    time="Tue, 20 Jan 2015 17:11:13 GMT"></testcase><testcase name="verGroupRadio3"    time="Tue, 20 Jan 2015 17:11:14 GMT"></testcase><testcase name="horGroupRadio"    time="Tue, 20 Jan 2015 17:11:16 GMT"></testcase></testsuite>