<testsuite id="c9a76484-8032-dd23-ba4e-9e5ad9ed9d66"  name="Chrome 40.0.2214.111 Linux"   errors="0"  failures="0"      tests="1"   ><testcase name="inputTestScrap"    time="Thu, 26 Feb 2015 09:55:05 GMT"></testcase><testcase name="deleteTestScrap"    time="Thu, 26 Feb 2015 09:55:05 GMT"></testcase></testsuite>