<testsuite id="510b826a-62bd-1738-5b66-b277eb6d17e9"  name="Firefox 35.0 Linux"   errors="0"  failures="0"      tests="1"   ><testcase name="inputTest"    time="Tue, 24 Feb 2015 09:20:17 GMT"></testcase><testcase name="deleteTest"    time="Tue, 24 Feb 2015 09:20:17 GMT"></testcase></testsuite>