<testsuite id="ee719360-d4d9-f3c9-f0ec-5079ec46c037"  name="Chrome 40.0.2214.111 Linux"   errors="0"  failures="0"      tests="1"   ><testcase name="iframe2"    time="Mon, 23 Feb 2015 07:51:12 GMT"></testcase><testcase name="iframe5"    time="Mon, 23 Feb 2015 07:51:13 GMT"></testcase></testsuite>